<?xml version="1.0" encoding="UTF-8"?>
<testsuite name="io.goorm.board.BoardApplicationTests" tests="1" skipped="0" failures="0" errors="0" timestamp="2025-09-22T05:14:55.463Z" hostname="jung0522ui-MacBookPro.local" time="0.239">
  <properties/>
  <testcase name="contextLoads()" classname="io.goorm.board.BoardApplicationTests" time="0.239"/>
  <system-out><![CDATA[14:14:53.335 [Test worker] INFO org.springframework.test.context.support.AnnotationConfigContextLoaderUtils -- Could not detect default configuration classes for test class [io.goorm.board.BoardApplicationTests]: BoardApplicationTests does not declare any static, non-private, non-final, nested classes annotated with @Configuration.
14:14:53.383 [Test worker] INFO org.springframework.boot.test.context.SpringBootTestContextBootstrapper -- Found @SpringBootConfiguration io.goorm.board.BoardApplication for test class io.goorm.board.BoardApplicationTests

  .   ____          _            __ _ _
 /\\ / ___'_ __ _ _(_)_ __  __ _ \ \ \ \
( ( )\___ | '_ | '_| | '_ \/ _` | \ \ \ \
 \\/  ___)| |_)| | | | | || (_| |  ) ) ) )
  '  |____| .__|_| |_|_| |_\__, | / / / /
 =========|_|==============|___/=/_/_/_/

 :: Spring Boot ::                (v3.5.5)

2025-09-22T14:14:53.541+09:00  INFO 63960 --- [    Test worker] io.goorm.board.BoardApplicationTests     : Starting BoardApplicationTests using Java 21.0.8 with PID 63960 (started by jung0522 in /Users/jung0522/Desktop/workspace_spring/stock_manage)
2025-09-22T14:14:53.542+09:00  INFO 63960 --- [    Test worker] io.goorm.board.BoardApplicationTests     : The following 1 profile is active: "mybatis"
2025-09-22T14:14:53.869+09:00  INFO 63960 --- [    Test worker] .s.d.r.c.RepositoryConfigurationDelegate : Bootstrapping Spring Data JPA repositories in DEFAULT mode.
2025-09-22T14:14:53.895+09:00  INFO 63960 --- [    Test worker] .s.d.r.c.RepositoryConfigurationDelegate : Finished Spring Data repository scanning in 22 ms. Found 2 JPA repository interfaces.
2025-09-22T14:14:54.142+09:00  INFO 63960 --- [    Test worker] com.zaxxer.hikari.HikariDataSource       : HikariPool-1 - Starting...
2025-09-22T14:14:54.180+09:00  INFO 63960 --- [    Test worker] com.zaxxer.hikari.pool.HikariPool        : HikariPool-1 - Added connection org.mariadb.jdbc.Connection@27e21083
2025-09-22T14:14:54.181+09:00  INFO 63960 --- [    Test worker] com.zaxxer.hikari.HikariDataSource       : HikariPool-1 - Start completed.
2025-09-22T14:14:54.187+09:00  INFO 63960 --- [    Test worker] o.f.c.i.resource.ResourceNameValidator   : 1 SQL migrations were detected but not run because they did not follow the filename convention.
2025-09-22T14:14:54.187+09:00  INFO 63960 --- [    Test worker] o.f.c.i.resource.ResourceNameValidator   : Set 'validateMigrationNaming' to true to fail fast and see a list of the invalid file names.
2025-09-22T14:14:54.195+09:00  INFO 63960 --- [    Test worker] org.flywaydb.core.FlywayExecutor         : Database: jdbc:mariadb://localhost:3307/task?user=task&password=******** (MariaDB 12.0)
2025-09-22T14:14:54.203+09:00  WARN 63960 --- [    Test worker] o.f.c.internal.database.base.Database    : Flyway upgrade recommended: MariaDB 12.0 is newer than this version of Flyway and support has not been tested. The latest supported version of MariaDB is 11.2.
2025-09-22T14:14:54.227+09:00  INFO 63960 --- [    Test worker] o.f.core.internal.command.DbValidate     : Successfully validated 19 migrations (execution time 00:00.018s)
2025-09-22T14:14:54.238+09:00  INFO 63960 --- [    Test worker] o.f.core.internal.command.DbMigrate      : Current version of schema `task`: 19
2025-09-22T14:14:54.238+09:00  WARN 63960 --- [    Test worker] o.f.core.internal.command.DbMigrate      : Schema `task` has a version (19) that is newer than the latest available migration (16) !
2025-09-22T14:14:54.239+09:00  INFO 63960 --- [    Test worker] o.f.core.internal.command.DbMigrate      : Schema `task` is up to date. No migration necessary.
2025-09-22T14:14:54.275+09:00  INFO 63960 --- [    Test worker] o.hibernate.jpa.internal.util.LogHelper  : HHH000204: Processing PersistenceUnitInfo [name: default]
2025-09-22T14:14:54.292+09:00  INFO 63960 --- [    Test worker] org.hibernate.Version                    : HHH000412: Hibernate ORM core version 6.6.26.Final
2025-09-22T14:14:54.303+09:00  INFO 63960 --- [    Test worker] o.h.c.internal.RegionFactoryInitiator    : HHH000026: Second-level cache disabled
2025-09-22T14:14:54.403+09:00  INFO 63960 --- [    Test worker] o.s.o.j.p.SpringPersistenceUnitInfo      : No LoadTimeWeaver setup: ignoring JPA class transformer
2025-09-22T14:14:54.433+09:00  INFO 63960 --- [    Test worker] org.hibernate.orm.connections.pooling    : HHH10001005: Database info:
	Database JDBC URL [Connecting through datasource 'HikariDataSource (HikariPool-1)']
	Database driver: undefined/unknown
	Database version: 12.0.2
	Autocommit mode: undefined/unknown
	Isolation level: undefined/unknown
	Minimum pool size: undefined/unknown
	Maximum pool size: undefined/unknown
2025-09-22T14:14:54.872+09:00  INFO 63960 --- [    Test worker] o.h.e.t.j.p.i.JtaPlatformInitiator       : HHH000489: No JTA platform available (set 'hibernate.transaction.jta.platform' to enable JTA platform integration)
2025-09-22T14:14:54.873+09:00  INFO 63960 --- [    Test worker] j.LocalContainerEntityManagerFactoryBean : Initialized JPA EntityManagerFactory for persistence unit 'default'
2025-09-22T14:14:55.151+09:00  WARN 63960 --- [    Test worker] JpaBaseConfiguration$JpaWebConfiguration : spring.jpa.open-in-view is enabled by default. Therefore, database queries may be performed during view rendering. Explicitly configure spring.jpa.open-in-view to disable this warning
2025-09-22T14:14:55.166+09:00  INFO 63960 --- [    Test worker] o.s.b.a.w.s.WelcomePageHandlerMapping    : Adding welcome page template: index
2025-09-22T14:14:55.249+09:00  INFO 63960 --- [    Test worker] r$InitializeUserDetailsManagerConfigurer : Global AuthenticationManager configured with UserDetailsService bean with name userService
2025-09-22T14:14:55.289+09:00 DEBUG 63960 --- [    Test worker] o.s.s.web.DefaultSecurityFilterChain     : Will secure any request with filters: DisableEncodeUrlFilter, WebAsyncManagerIntegrationFilter, SecurityContextHolderFilter, HeaderWriterFilter, CsrfFilter, LogoutFilter, UsernamePasswordAuthenticationFilter, RequestCacheAwareFilter, SecurityContextHolderAwareRequestFilter, AnonymousAuthenticationFilter, ExceptionTranslationFilter, AuthorizationFilter
2025-09-22T14:14:55.457+09:00  INFO 63960 --- [    Test worker] io.goorm.board.BoardApplicationTests     : Started BoardApplicationTests in 2.023 seconds (process running for 2.455)
]]></system-out>
  <system-err><![CDATA[Mockito is currently self-attaching to enable the inline-mock-maker. This will no longer work in future releases of the JDK. Please add Mockito as an agent to your build as described in Mockito's documentation: https://javadoc.io/doc/org.mockito/mockito-core/latest/org.mockito/org/mockito/Mockito.html#0.3
WARNING: A Java agent has been loaded dynamically (/Users/jung0522/.gradle/caches/modules-2/files-2.1/net.bytebuddy/byte-buddy-agent/1.17.7/fbf3d6d649ed37fc9e9c59480a05be0a26e3c2da/byte-buddy-agent-1.17.7.jar)
WARNING: If a serviceability tool is in use, please run with -XX:+EnableDynamicAgentLoading to hide this warning
WARNING: If a serviceability tool is not in use, please run with -Djdk.instrument.traceUsage for more information
WARNING: Dynamic loading of agents will be disallowed by default in a future release
]]></system-err>
</testsuite>
