<?xml version="1.0" encoding="UTF-8"?>
<testsuite name="io.goorm.board.BoardApplicationTests" tests="1" skipped="0" failures="0" errors="0" timestamp="2025-09-22T05:41:53.281Z" hostname="jung0522ui-MacBookPro.local" time="0.249">
  <properties/>
  <testcase name="contextLoads()" classname="io.goorm.board.BoardApplicationTests" time="0.249"/>
  <system-out><![CDATA[14:41:51.149 [Test worker] INFO org.springframework.test.context.support.AnnotationConfigContextLoaderUtils -- Could not detect default configuration classes for test class [io.goorm.board.BoardApplicationTests]: BoardApplicationTests does not declare any static, non-private, non-final, nested classes annotated with @Configuration.
14:41:51.203 [Test worker] INFO org.springframework.boot.test.context.SpringBootTestContextBootstrapper -- Found @SpringBootConfiguration io.goorm.board.BoardApplication for test class io.goorm.board.BoardApplicationTests

  .   ____          _            __ _ _
 /\\ / ___'_ __ _ _(_)_ __  __ _ \ \ \ \
( ( )\___ | '_ | '_| | '_ \/ _` | \ \ \ \
 \\/  ___)| |_)| | | | | || (_| |  ) ) ) )
  '  |____| .__|_| |_|_| |_\__, | / / / /
 =========|_|==============|___/=/_/_/_/

 :: Spring Boot ::                (v3.5.5)

2025-09-22T14:41:51.377+09:00  INFO 65268 --- [    Test worker] io.goorm.board.BoardApplicationTests     : Starting BoardApplicationTests using Java 21.0.8 with PID 65268 (started by jung0522 in /Users/jung0522/Desktop/workspace_spring/stock_manage)
2025-09-22T14:41:51.378+09:00  INFO 65268 --- [    Test worker] io.goorm.board.BoardApplicationTests     : The following 1 profile is active: "mybatis"
2025-09-22T14:41:51.720+09:00  INFO 65268 --- [    Test worker] .s.d.r.c.RepositoryConfigurationDelegate : Bootstrapping Spring Data JPA repositories in DEFAULT mode.
2025-09-22T14:41:51.743+09:00  INFO 65268 --- [    Test worker] .s.d.r.c.RepositoryConfigurationDelegate : Finished Spring Data repository scanning in 19 ms. Found 2 JPA repository interfaces.
2025-09-22T14:41:51.997+09:00  INFO 65268 --- [    Test worker] com.zaxxer.hikari.HikariDataSource       : HikariPool-1 - Starting...
2025-09-22T14:41:52.036+09:00  INFO 65268 --- [    Test worker] com.zaxxer.hikari.pool.HikariPool        : HikariPool-1 - Added connection org.mariadb.jdbc.Connection@d4ecdb0
2025-09-22T14:41:52.037+09:00  INFO 65268 --- [    Test worker] com.zaxxer.hikari.HikariDataSource       : HikariPool-1 - Start completed.
2025-09-22T14:41:52.044+09:00  INFO 65268 --- [    Test worker] o.f.c.i.resource.ResourceNameValidator   : 1 SQL migrations were detected but not run because they did not follow the filename convention.
2025-09-22T14:41:52.044+09:00  INFO 65268 --- [    Test worker] o.f.c.i.resource.ResourceNameValidator   : Set 'validateMigrationNaming' to true to fail fast and see a list of the invalid file names.
2025-09-22T14:41:52.053+09:00  INFO 65268 --- [    Test worker] org.flywaydb.core.FlywayExecutor         : Database: jdbc:mariadb://localhost:3307/task?user=task&password=******** (MariaDB 12.0)
2025-09-22T14:41:52.067+09:00  WARN 65268 --- [    Test worker] o.f.c.internal.database.base.Database    : Flyway upgrade recommended: MariaDB 12.0 is newer than this version of Flyway and support has not been tested. The latest supported version of MariaDB is 11.2.
2025-09-22T14:41:52.092+09:00  INFO 65268 --- [    Test worker] o.f.core.internal.command.DbValidate     : Successfully validated 19 migrations (execution time 00:00.020s)
2025-09-22T14:41:52.102+09:00  INFO 65268 --- [    Test worker] o.f.core.internal.command.DbMigrate      : Current version of schema `task`: 19
2025-09-22T14:41:52.102+09:00  WARN 65268 --- [    Test worker] o.f.core.internal.command.DbMigrate      : Schema `task` has a version (19) that is newer than the latest available migration (18) !
2025-09-22T14:41:52.103+09:00  INFO 65268 --- [    Test worker] o.f.core.internal.command.DbMigrate      : Schema `task` is up to date. No migration necessary.
2025-09-22T14:41:52.139+09:00  INFO 65268 --- [    Test worker] o.hibernate.jpa.internal.util.LogHelper  : HHH000204: Processing PersistenceUnitInfo [name: default]
2025-09-22T14:41:52.156+09:00  INFO 65268 --- [    Test worker] org.hibernate.Version                    : HHH000412: Hibernate ORM core version 6.6.26.Final
2025-09-22T14:41:52.170+09:00  INFO 65268 --- [    Test worker] o.h.c.internal.RegionFactoryInitiator    : HHH000026: Second-level cache disabled
2025-09-22T14:41:52.263+09:00  INFO 65268 --- [    Test worker] o.s.o.j.p.SpringPersistenceUnitInfo      : No LoadTimeWeaver setup: ignoring JPA class transformer
2025-09-22T14:41:52.291+09:00  INFO 65268 --- [    Test worker] org.hibernate.orm.connections.pooling    : HHH10001005: Database info:
	Database JDBC URL [Connecting through datasource 'HikariDataSource (HikariPool-1)']
	Database driver: undefined/unknown
	Database version: 12.0.2
	Autocommit mode: undefined/unknown
	Isolation level: undefined/unknown
	Minimum pool size: undefined/unknown
	Maximum pool size: undefined/unknown
2025-09-22T14:41:52.684+09:00  INFO 65268 --- [    Test worker] o.h.e.t.j.p.i.JtaPlatformInitiator       : HHH000489: No JTA platform available (set 'hibernate.transaction.jta.platform' to enable JTA platform integration)
2025-09-22T14:41:52.685+09:00  INFO 65268 --- [    Test worker] j.LocalContainerEntityManagerFactoryBean : Initialized JPA EntityManagerFactory for persistence unit 'default'
2025-09-22T14:41:52.968+09:00  WARN 65268 --- [    Test worker] JpaBaseConfiguration$JpaWebConfiguration : spring.jpa.open-in-view is enabled by default. Therefore, database queries may be performed during view rendering. Explicitly configure spring.jpa.open-in-view to disable this warning
2025-09-22T14:41:52.982+09:00  INFO 65268 --- [    Test worker] o.s.b.a.w.s.WelcomePageHandlerMapping    : Adding welcome page template: index
2025-09-22T14:41:53.066+09:00  INFO 65268 --- [    Test worker] r$InitializeUserDetailsManagerConfigurer : Global AuthenticationManager configured with UserDetailsService bean with name userService
2025-09-22T14:41:53.106+09:00 DEBUG 65268 --- [    Test worker] o.s.s.web.DefaultSecurityFilterChain     : Will secure any request with filters: DisableEncodeUrlFilter, WebAsyncManagerIntegrationFilter, SecurityContextHolderFilter, HeaderWriterFilter, CsrfFilter, LogoutFilter, UsernamePasswordAuthenticationFilter, RequestCacheAwareFilter, SecurityContextHolderAwareRequestFilter, AnonymousAuthenticationFilter, ExceptionTranslationFilter, AuthorizationFilter
2025-09-22T14:41:53.275+09:00  INFO 65268 --- [    Test worker] io.goorm.board.BoardApplicationTests     : Started BoardApplicationTests in 2.011 seconds (process running for 2.487)
]]></system-out>
  <system-err><![CDATA[Mockito is currently self-attaching to enable the inline-mock-maker. This will no longer work in future releases of the JDK. Please add Mockito as an agent to your build as described in Mockito's documentation: https://javadoc.io/doc/org.mockito/mockito-core/latest/org.mockito/org/mockito/Mockito.html#0.3
WARNING: A Java agent has been loaded dynamically (/Users/jung0522/.gradle/caches/modules-2/files-2.1/net.bytebuddy/byte-buddy-agent/1.17.7/fbf3d6d649ed37fc9e9c59480a05be0a26e3c2da/byte-buddy-agent-1.17.7.jar)
WARNING: If a serviceability tool is in use, please run with -XX:+EnableDynamicAgentLoading to hide this warning
WARNING: If a serviceability tool is not in use, please run with -Djdk.instrument.traceUsage for more information
WARNING: Dynamic loading of agents will be disallowed by default in a future release
]]></system-err>
</testsuite>
